# JRE version: Java(TM) SE Runtime Environment (11.0.5+10) (build 11.0.5+10-LTS)
# Java VM: Java HotSpot(TM) 64-Bit Server VM (11.0.5+10-LTS, mixed mode, tiered, compressed oops, parallel gc, windows-amd64)
Heap:
 PSYoungGen      total 23552K, used 0K [0x00000000eab00000, 0x00000000ec980000, 0x0000000100000000)
  eden space 22528K, 0% used [0x00000000eab00000,0x00000000eab00000,0x00000000ec100000)
  from space 1024K, 0% used [0x00000000ec300000,0x00000000ec300000,0x00000000ec400000)
  to   space 2048K, 0% used [0x00000000ec780000,0x00000000ec780000,0x00000000ec980000)
 ParOldGen       total 68608K, used 21554K [0x00000000c0000000, 0x00000000c4300000, 0x00000000eab00000)
  object space 68608K, 31% used [0x00000000c0000000,0x00000000c150cba8,0x00000000c4300000)
 Metaspace       used 33508K, capacity 35371K, committed 35584K, reserved 1081344K
  class space    used 3201K, capacity 3838K, committed 3840K, reserved 1048576K
GC Heap History (10 events):
Event: 1.959 GC heap before
{Heap before GC invocations=9 (full 1):
 PSYoungGen      total 30720K, used 30707K [0x00000000eab00000, 0x00000000ed480000, 0x0000000100000000)
  eden space 24064K, 100% used [0x00000000eab00000,0x00000000ec280000,0x00000000ec280000)
  from space 6656K, 99% used [0x00000000ec380000,0x00000000ec9fcf20,0x00000000eca00000)
  to   space 9216K, 0% used [0x00000000ecb80000,0x00000000ecb80000,0x00000000ed480000)
 ParOldGen       total 68608K, used 10596K [0x00000000c0000000, 0x00000000c4300000, 0x00000000eab00000)
  object space 68608K, 15% used [0x00000000c0000000,0x00000000c0a59258,0x00000000c4300000)
 Metaspace       used 31197K, capacity 32980K, committed 33152K, reserved 1079296K
  class space    used 3006K, capacity 3659K, committed 3712K, reserved 1048576K
}
Event: 1.963 GC heap after
{Heap after GC invocations=9 (full 1):
 PSYoungGen      total 30208K, used 6578K [0x00000000eab00000, 0x00000000ed200000, 0x0000000100000000)
  eden space 23552K, 0% used [0x00000000eab00000,0x00000000eab00000,0x00000000ec200000)
  from space 6656K, 98% used [0x00000000ecb80000,0x00000000ed1ecb28,0x00000000ed200000)
  to   space 7680K, 0% used [0x00000000ec300000,0x00000000ec300000,0x00000000eca80000)
 ParOldGen       total 68608K, used 12977K [0x00000000c0000000, 0x00000000c4300000, 0x00000000eab00000)
  object space 68608K, 18% used [0x00000000c0000000,0x00000000c0cac7a0,0x00000000c4300000)
 Metaspace       used 31197K, capacity 32980K, committed 33152K, reserved 1079296K
  class space    used 3006K, capacity 3659K, committed 3712K, reserved 1048576K
}
Event: 1.980 GC heap before
{Heap before GC invocations=10 (full 1):
 PSYoungGen      total 30208K, used 30130K [0x00000000eab00000, 0x00000000ed200000, 0x0000000100000000)
  eden space 23552K, 100% used [0x00000000eab00000,0x00000000ec200000,0x00000000ec200000)
  from space 6656K, 98% used [0x00000000ecb80000,0x00000000ed1ecb28,0x00000000ed200000)
  to   space 7680K, 0% used [0x00000000ec300000,0x00000000ec300000,0x00000000eca80000)
 ParOldGen       total 68608K, used 12977K [0x00000000c0000000, 0x00000000c4300000, 0x00000000eab00000)
  object space 68608K, 18% used [0x00000000c0000000,0x00000000c0cac7a0,0x00000000c4300000)
 Metaspace       used 31197K, capacity 32980K, committed 33152K, reserved 1079296K
  class space    used 3006K, capacity 3659K, committed 3712K, reserved 1048576K
}
Event: 1.983 GC heap after
{Heap after GC invocations=10 (full 1):
 PSYoungGen      total 29184K, used 5952K [0x00000000eab00000, 0x00000000ece80000, 0x0000000100000000)
  eden space 23040K, 0% used [0x00000000eab00000,0x00000000eab00000,0x00000000ec180000)
  from space 6144K, 96% used [0x00000000ec300000,0x00000000ec8d0010,0x00000000ec900000)
  to   space 5632K, 0% used [0x00000000ec900000,0x00000000ec900000,0x00000000ece80000)
 ParOldGen       total 68608K, used 15700K [0x00000000c0000000, 0x00000000c4300000, 0x00000000eab00000)
  object space 68608K, 22% used [0x00000000c0000000,0x00000000c0f552b8,0x00000000c4300000)
 Metaspace       used 31197K, capacity 32980K, committed 33152K, reserved 1079296K
  class space    used 3006K, capacity 3659K, committed 3712K, reserved 1048576K
}
Event: 3.177 GC heap before
{Heap before GC invocations=11 (full 1):
 PSYoungGen      total 29184K, used 28992K [0x00000000eab00000, 0x00000000ece80000, 0x0000000100000000)
  eden space 23040K, 100% used [0x00000000eab00000,0x00000000ec180000,0x00000000ec180000)
  from space 6144K, 96% used [0x00000000ec300000,0x00000000ec8d0010,0x00000000ec900000)
  to   space 5632K, 0% used [0x00000000ec900000,0x00000000ec900000,0x00000000ece80000)
 ParOldGen       total 68608K, used 15700K [0x00000000c0000000, 0x00000000c4300000, 0x00000000eab00000)
  object space 68608K, 22% used [0x00000000c0000000,0x00000000c0f552b8,0x00000000c4300000)
 Metaspace       used 32077K, capacity 33931K, committed 34048K, reserved 1079296K
  class space    used 3094K, capacity 3742K, committed 3840K, reserved 1048576K
}
Event: 3.180 GC heap after
{Heap after GC invocations=11 (full 1):
 PSYoungGen      total 26624K, used 3860K [0x00000000eab00000, 0x00000000ecd00000, 0x0000000100000000)
  eden space 22528K, 0% used [0x00000000eab00000,0x00000000eab00000,0x00000000ec100000)
  from space 4096K, 94% used [0x00000000ec900000,0x00000000eccc53e0,0x00000000ecd00000)
  to   space 5120K, 0% used [0x00000000ec300000,0x00000000ec300000,0x00000000ec800000)
 ParOldGen       total 68608K, used 19512K [0x00000000c0000000, 0x00000000c4300000, 0x00000000eab00000)
  object space 68608K, 28% used [0x00000000c0000000,0x00000000c130e058,0x00000000c4300000)
 Metaspace       used 32077K, capacity 33931K, committed 34048K, reserved 1079296K
  class space    used 3094K, capacity 3742K, committed 3840K, reserved 1048576K
}
Event: 3.224 GC heap before
{Heap before GC invocations=12 (full 1):
 PSYoungGen      total 26624K, used 7663K [0x00000000eab00000, 0x00000000ecd00000, 0x0000000100000000)
  eden space 22528K, 16% used [0x00000000eab00000,0x00000000eaeb6838,0x00000000ec100000)
  from space 4096K, 94% used [0x00000000ec900000,0x00000000eccc53e0,0x00000000ecd00000)
  to   space 5120K, 0% used [0x00000000ec300000,0x00000000ec300000,0x00000000ec800000)
 ParOldGen       total 68608K, used 19512K [0x00000000c0000000, 0x00000000c4300000, 0x00000000eab00000)
  object space 68608K, 28% used [0x00000000c0000000,0x00000000c130e058,0x00000000c4300000)
 Metaspace       used 33488K, capacity 35307K, committed 35328K, reserved 1081344K
  class space    used 3201K, capacity 3838K, committed 3840K, reserved 1048576K
}
Event: 3.226 GC heap after
{Heap after GC invocations=12 (full 1):
 PSYoungGen      total 23552K, used 645K [0x00000000eab00000, 0x00000000ec980000, 0x0000000100000000)
  eden space 22528K, 0% used [0x00000000eab00000,0x00000000eab00000,0x00000000ec100000)
  from space 1024K, 62% used [0x00000000ec300000,0x00000000ec3a1450,0x00000000ec400000)
  to   space 2048K, 0% used [0x00000000ec780000,0x00000000ec780000,0x00000000ec980000)
 ParOldGen       total 68608K, used 23237K [0x00000000c0000000, 0x00000000c4300000, 0x00000000eab00000)
  object space 68608K, 33% used [0x00000000c0000000,0x00000000c16b1630,0x00000000c4300000)
 Metaspace       used 33488K, capacity 35307K, committed 35328K, reserved 1081344K
  class space    used 3201K, capacity 3838K, committed 3840K, reserved 1048576K
}
Event: 3.226 GC heap before
{Heap before GC invocations=13 (full 2):
 PSYoungGen      total 23552K, used 645K [0x00000000eab00000, 0x00000000ec980000, 0x0000000100000000)
  eden space 22528K, 0% used [0x00000000eab00000,0x00000000eab00000,0x00000000ec100000)
  from space 1024K, 62% used [0x00000000ec300000,0x00000000ec3a1450,0x00000000ec400000)
  to   space 2048K, 0% used [0x00000000ec780000,0x00000000ec780000,0x00000000ec980000)
 ParOldGen       total 68608K, used 23237K [0x00000000c0000000, 0x00000000c4300000, 0x00000000eab00000)
  object space 68608K, 33% used [0x00000000c0000000,0x00000000c16b1630,0x00000000c4300000)
 Metaspace       used 33488K, capacity 35307K, committed 35328K, reserved 1081344K
  class space    used 3201K, capacity 3838K, committed 3840K, reserved 1048576K
}
Event: 3.286 GC heap after
{Heap after GC invocations=13 (full 2):
 PSYoungGen      total 23552K, used 0K [0x00000000eab00000, 0x00000000ec980000, 0x0000000100000000)
  eden space 22528K, 0% used [0x00000000eab00000,0x00000000eab00000,0x00000000ec100000)
  from space 1024K, 0% used [0x00000000ec300000,0x00000000ec300000,0x00000000ec400000)
  to   space 2048K, 0% used [0x00000000ec780000,0x00000000ec780000,0x00000000ec980000)
 ParOldGen       total 68608K, used 21554K [0x00000000c0000000, 0x00000000c4300000, 0x00000000eab00000)
  object space 68608K, 31% used [0x00000000c0000000,0x00000000c150cba8,0x00000000c4300000)
 Metaspace       used 33488K, capacity 35307K, committed 35328K, reserved 1081344K
  class space    used 3201K, capacity 3838K, committed 3840K, reserved 1048576K
}

